 pc       000100f8
 x0/zero  00000000 x1/ra    00000000 x2/sp    2b2aaeb0 x3/gp    00000000
 x4/tp    00000000 x5/t0    00000000 x6/t1    00000000 x7/t2    00000000
 x8/s0    00000000 x9/s1    00000000 x10/a0   00000000 x11/a1   00000000
 x12/a2   00000000 x13/a3   00000000 x14/a4   00000000 x15/a5   00000000
 x16/a6   00000000 x17/a7   00000000 x18/s2   00000000 x19/s3   00000000
 x20/s4   00000000 x21/s5   00000000 x22/s6   00000000 x23/s7   00000000
 x24/s8   00000000 x25/s9   00000000 x26/s10  00000000 x27/s11  00000000
 x28/t3   00000000 x29/t4   00000000 x30/t5   00000000 x31/t6   00000000
 pc       00010110
 x0/zero  00000000 x1/ra    00000000 x2/sp    2b2aaeb0 x3/gp    00000000
 x4/tp    00000000 x5/t0    00000000 x6/t1    00000000 x7/t2    00000000
 x8/s0    00000000 x9/s1    00000000 x10/a0   00000001 x11/a1   00012000
 x12/a2   00000001 x13/a3   00000000 x14/a4   00000000 x15/a5   00000000
 x16/a6   00000000 x17/a7   0000003f x18/s2   00000000 x19/s3   00000000
 x20/s4   00000000 x21/s5   00000000 x22/s6   00000000 x23/s7   00000000
 x24/s8   00000000 x25/s9   00000000 x26/s10  00000000 x27/s11  00000000
 x28/t3   00000000 x29/t4   00000000 x30/t5   00000000 x31/t6   00000000
 pc       00010118
 x0/zero  00000000 x1/ra    00000000 x2/sp    2b2aaeb0 x3/gp    00000000
 x4/tp    00000000 x5/t0    00000000 x6/t1    00000000 x7/t2    00000000
 x8/s0    00000001 x9/s1    00000000 x10/a0   00000001 x11/a1   00012000
 x12/a2   00000001 x13/a3   00000000 x14/a4   00000000 x15/a5   00000000
 x16/a6   00000000 x17/a7   0000003f x18/s2   00000000 x19/s3   00000000
 x20/s4   00000000 x21/s5   00000000 x22/s6   00000000 x23/s7   00000000
 x24/s8   00000000 x25/s9   00000000 x26/s10  00000000 x27/s11  00000000
 x28/t3   00000000 x29/t4   00000000 x30/t5   00000000 x31/t6   00000000
 pc       0001011c
 x0/zero  00000000 x1/ra    00000000 x2/sp    2b2aaeb0 x3/gp    00000000
 x4/tp    00000000 x5/t0    00000000 x6/t1    00000000 x7/t2    00000000
 x8/s0    00000001 x9/s1    00000000 x10/a0   00000001 x11/a1   00012000
 x12/a2   00000001 x13/a3   00000000 x14/a4   00000000 x15/a5   00000000
 x16/a6   00000000 x17/a7   0000003f x18/s2   00000000 x19/s3   00000000
 x20/s4   00000000 x21/s5   00000000 x22/s6   00000000 x23/s7   00000000
 x24/s8   00000000 x25/s9   00000000 x26/s10  00000000 x27/s11  00000000
 x28/t3   00000000 x29/t4   00000000 x30/t5   00000000 x31/t6   00000000
 pc       00010134
 x0/zero  00000000 x1/ra    00000000 x2/sp    2b2aaeb0 x3/gp    00000000
 x4/tp    00000000 x5/t0    00000000 x6/t1    00000000 x7/t2    00000000
 x8/s0    00000001 x9/s1    00000000 x10/a0   00000001 x11/a1   00012000
 x12/a2   00000001 x13/a3   00000000 x14/a4   00000000 x15/a5   00000000
 x16/a6   00000000 x17/a7   00000040 x18/s2   00000000 x19/s3   00000000
 x20/s4   00000000 x21/s5   00000000 x22/s6   00000000 x23/s7   00000000
 x24/s8   00000000 x25/s9   00000000 x26/s10  00000000 x27/s11  00000000
 x28/t3   00000000 x29/t4   00000000 x30/t5   00000000 x31/t6   00000000
 pc       00010138
 x0/zero  00000000 x1/ra    00000000 x2/sp    2b2aaeb0 x3/gp    00000000
 x4/tp    00000000 x5/t0    00000000 x6/t1    00000000 x7/t2    00000000
 x8/s0    00000001 x9/s1    00000000 x10/a0   00000001 x11/a1   00012000
 x12/a2   00000001 x13/a3   00000000 x14/a4   00000000 x15/a5   00000000
 x16/a6   00000000 x17/a7   00000040 x18/s2   00000000 x19/s3   00000000
 x20/s4   00000000 x21/s5   00000000 x22/s6   00000000 x23/s7   00000000
 x24/s8   00000000 x25/s9   00000000 x26/s10  00000000 x27/s11  00000000
 x28/t3   00000000 x29/t4   00000000 x30/t5   00000000 x31/t6   00000000
 pc       000100f8
 x0/zero  00000000 x1/ra    00000000 x2/sp    2b2aaeb0 x3/gp    00000000
 x4/tp    00000000 x5/t0    00000036 x6/t1    0000000a x7/t2    00000000
 x8/s0    00000001 x9/s1    00000000 x10/a0   00000001 x11/a1   00012000
 x12/a2   00000001 x13/a3   00000000 x14/a4   00000000 x15/a5   00000000
 x16/a6   00000000 x17/a7   00000040 x18/s2   00000000 x19/s3   00000000
 x20/s4   00000000 x21/s5   00000000 x22/s6   00000000 x23/s7   00000000
 x24/s8   00000000 x25/s9   00000000 x26/s10  00000000 x27/s11  00000000
 x28/t3   00000000 x29/t4   00000000 x30/t5   00000000 x31/t6   00000000
 pc       00010110
 x0/zero  00000000 x1/ra    00000000 x2/sp    2b2aaeb0 x3/gp    00000000
 x4/tp    00000000 x5/t0    00000036 x6/t1    0000000a x7/t2    00000000
 x8/s0    00000001 x9/s1    00000000 x10/a0   00000001 x11/a1   00012000
 x12/a2   00000001 x13/a3   00000000 x14/a4   00000000 x15/a5   00000000
 x16/a6   00000000 x17/a7   0000003f x18/s2   00000000 x19/s3   00000000
 x20/s4   00000000 x21/s5   00000000 x22/s6   00000000 x23/s7   00000000
 x24/s8   00000000 x25/s9   00000000 x26/s10  00000000 x27/s11  00000000
 x28/t3   00000000 x29/t4   00000000 x30/t5   00000000 x31/t6   00000000
 pc       00010134
 x0/zero  00000000 x1/ra    00000000 x2/sp    2b2aaeb0 x3/gp    00000000
 x4/tp    00000000 x5/t0    00000036 x6/t1    0000000a x7/t2    00000000
 x8/s0    00000001 x9/s1    00000000 x10/a0   00000001 x11/a1   00012000
 x12/a2   00000001 x13/a3   00000000 x14/a4   00000000 x15/a5   00000000
 x16/a6   00000000 x17/a7   00000040 x18/s2   00000000 x19/s3   00000000
 x20/s4   00000000 x21/s5   00000000 x22/s6   00000000 x23/s7   00000000
 x24/s8   00000000 x25/s9   00000000 x26/s10  00000000 x27/s11  00000000
 x28/t3   00000000 x29/t4   00000000 x30/t5   00000000 x31/t6   00000000
 pc       00010110
 x0/zero  00000000 x1/ra    00000000 x2/sp    2b2aaeb0 x3/gp    00000000
 x4/tp    00000000 x5/t0    00000031 x6/t1    0000000a x7/t2    00000000
 x8/s0    00000001 x9/s1    00000000 x10/a0   00000001 x11/a1   00012000
 x12/a2   00000001 x13/a3   00000000 x14/a4   00000000 x15/a5   00000000
 x16/a6   00000000 x17/a7   0000003f x18/s2   00000000 x19/s3   00000000
 x20/s4   00000000 x21/s5   00000000 x22/s6   00000000 x23/s7   00000000
 x24/s8   00000000 x25/s9   00000000 x26/s10  00000000 x27/s11  00000000
 x28/t3   00000000 x29/t4   00000000 x30/t5   00000000 x31/t6   00000000
 pc       00010134
 x0/zero  00000000 x1/ra    00000000 x2/sp    2b2aaeb0 x3/gp    00000000
 x4/tp    00000000 x5/t0    00000031 x6/t1    0000000a x7/t2    00000000
 x8/s0    00000001 x9/s1    00000000 x10/a0   00000001 x11/a1   00012000
 x12/a2   00000001 x13/a3   00000000 x14/a4   00000000 x15/a5   00000000
 x16/a6   00000000 x17/a7   00000040 x18/s2   00000000 x19/s3   00000000
 x20/s4   00000000 x21/s5   00000000 x22/s6   00000000 x23/s7   00000000
 x24/s8   00000000 x25/s9   00000000 x26/s10  00000000 x27/s11  00000000
 x28/t3   00000000 x29/t4   00000000 x30/t5   00000000 x31/t6   00000000
 pc       00010148
 x0/zero  00000000 x1/ra    00000000 x2/sp    2b2aaeb0 x3/gp    00000000
 x4/tp    00000000 x5/t0    0000000a x6/t1    0000000a x7/t2    00000000
 x8/s0    00000001 x9/s1    00000000 x10/a0   00000001 x11/a1   00012000
 x12/a2   00000001 x13/a3   00000000 x14/a4   00000000 x15/a5   00000000
 x16/a6   00000000 x17/a7   00000040 x18/s2   00000000 x19/s3   00000000
 x20/s4   00000000 x21/s5   00000000 x22/s6   00000000 x23/s7   00000000
 x24/s8   00000000 x25/s9   00000000 x26/s10  00000000 x27/s11  00000000
 x28/t3   00000000 x29/t4   00000000 x30/t5   00000000 x31/t6   00000000
 pc       00010150
 x0/zero  00000000 x1/ra    0001014c x2/sp    2b2aaeb0 x3/gp    00000000
 x4/tp    00000000 x5/t0    0000000a x6/t1    0000000a x7/t2    00000000
 x8/s0    00000001 x9/s1    00000000 x10/a0   00000001 x11/a1   00012000
 x12/a2   00000001 x13/a3   00000000 x14/a4   00000000 x15/a5   00000000
 x16/a6   00000000 x17/a7   00000040 x18/s2   00000000 x19/s3   00000000
 x20/s4   00000000 x21/s5   00000000 x22/s6   00000000 x23/s7   00000000
 x24/s8   00000000 x25/s9   00000000 x26/s10  00000000 x27/s11  00000000
 x28/t3   00000000 x29/t4   00000000 x30/t5   00000000 x31/t6   00000000
 pc       0001015c
 x0/zero  00000000 x1/ra    0001014c x2/sp    2b2aaeb0 x3/gp    00000000
 x4/tp    00000000 x5/t0    0000000a x6/t1    0000000a x7/t2    00000000
 x8/s0    00000001 x9/s1    00000000 x10/a0   00000001 x11/a1   00012000
 x12/a2   00000001 x13/a3   00000000 x14/a4   00000000 x15/a5   00000000
 x16/a6   00000000 x17/a7   00000040 x18/s2   00000000 x19/s3   00000000
 x20/s4   00000000 x21/s5   00000000 x22/s6   00000000 x23/s7   00000000
 x24/s8   00000000 x25/s9   00000000 x26/s10  00000000 x27/s11  00000000
 x28/t3   00000000 x29/t4   02faf07f x30/t5   00000000 x31/t6   00000000
 pc       0001015c
 x0/zero  00000000 x1/ra    0001014c x2/sp    2b2aaeb0 x3/gp    00000000
 x4/tp    00000000 x5/t0    0000000a x6/t1    0000000a x7/t2    00000000
 x8/s0    00000001 x9/s1    00000000 x10/a0   00000001 x11/a1   00012000
 x12/a2   00000001 x13/a3   00000000 x14/a4   00000000 x15/a5   00000000
 x16/a6   00000000 x17/a7   00000040 x18/s2   00000000 x19/s3   00000000
 x20/s4   00000000 x21/s5   00000000 x22/s6   00000000 x23/s7   00000000
 x24/s8   00000000 x25/s9   00000000 x26/s10  00000000 x27/s11  00000000
 x28/t3   00000000 x29/t4   02faf07e x30/t5   00000000 x31/t6   00000000
 pc       00010164
 x0/zero  00000000 x1/ra    0001014c x2/sp    2b2aaeb0 x3/gp    00000000
 x4/tp    00000000 x5/t0    0000000a x6/t1    0000000a x7/t2    00000000
 x8/s0    00000001 x9/s1    00000000 x10/a0   00000001 x11/a1   00012000
 x12/a2   00000001 x13/a3   00000000 x14/a4   00000000 x15/a5   00000000
 x16/a6   00000000 x17/a7   00000040 x18/s2   00000000 x19/s3   00000000
 x20/s4   00000000 x21/s5   00000000 x22/s6   00000000 x23/s7   00000000
 x24/s8   00000000 x25/s9   00000000 x26/s10  00000000 x27/s11  00000000
 x28/t3   00000000 x29/t4   00000000 x30/t5   00000000 x31/t6   00000000
 pc       00010154
 x0/zero  00000000 x1/ra    0001014c x2/sp    2b2aaeb0 x3/gp    00000000
 x4/tp    00000000 x5/t0    0000000a x6/t1    0000000a x7/t2    00000000
 x8/s0    00000001 x9/s1    00000000 x10/a0   00000001 x11/a1   00012000
 x12/a2   00000001 x13/a3   00000000 x14/a4   00000000 x15/a5   00000000
 x16/a6   00000000 x17/a7   00000040 x18/s2   00000000 x19/s3   00000000
 x20/s4   00000000 x21/s5   00000000 x22/s6   00000000 x23/s7   00000000
 x24/s8   00000000 x25/s9   00000000 x26/s10  00000000 x27/s11  00000000
 x28/t3   00000001 x29/t4   00000000 x30/t5   00000014 x31/t6   00000000
 pc       0001015c
 x0/zero  00000000 x1/ra    0001014c x2/sp    2b2aaeb0 x3/gp    00000000
 x4/tp    00000000 x5/t0    0000000a x6/t1    0000000a x7/t2    00000000
 x8/s0    00000001 x9/s1    00000000 x10/a0   00000001 x11/a1   00012000
 x12/a2   00000001 x13/a3   00000000 x14/a4   00000000 x15/a5   00000000
 x16/a6   00000000 x17/a7   00000040 x18/s2   00000000 x19/s3   00000000
 x20/s4   00000000 x21/s5   00000000 x22/s6   00000000 x23/s7   00000000
 x24/s8   00000000 x25/s9   00000000 x26/s10  00000000 x27/s11  00000000
 x28/t3   00000001 x29/t4   02faf07f x30/t5   00000014 x31/t6   00000000
 pc       00010170
 x0/zero  00000000 x1/ra    0001014c x2/sp    2b2aaeb0 x3/gp    00000000
 x4/tp    00000000 x5/t0    0000000a x6/t1    0000000a x7/t2    00000000
 x8/s0    00000001 x9/s1    00000000 x10/a0   00000001 x11/a1   00012000
 x12/a2   00000001 x13/a3   00000000 x14/a4   00000000 x15/a5   00000000
 x16/a6   00000000 x17/a7   00000040 x18/s2   00000000 x19/s3   00000000
 x20/s4   00000000 x21/s5   00000000 x22/s6   00000000 x23/s7   00000000
 x24/s8   00000000 x25/s9   00000000 x26/s10  00000000 x27/s11  00000000
 x28/t3   00000014 x29/t4   00000000 x30/t5   00000014 x31/t6   00000000
 pc       0001014c
 x0/zero  00000000 x1/ra    0001014c x2/sp    2b2aaeb0 x3/gp    00000000
 x4/tp    00000000 x5/t0    0000000a x6/t1    0000000a x7/t2    00000000
 x8/s0    00000001 x9/s1    00000000 x10/a0   00000001 x11/a1   00012000
 x12/a2   00000001 x13/a3   00000000 x14/a4   00000000 x15/a5   00000000
 x16/a6   00000000 x17/a7   00000040 x18/s2   00000000 x19/s3   00000000
 x20/s4   00000000 x21/s5   00000000 x22/s6   00000000 x23/s7   00000000
 x24/s8   00000000 x25/s9   00000000 x26/s10  00000000 x27/s11  00000000
 x28/t3   00000014 x29/t4   00000000 x30/t5   00000014 x31/t6   00000000
 pc       000100f8
 x0/zero  00000000 x1/ra    0001014c x2/sp    2b2aaeb0 x3/gp    00000000
 x4/tp    00000000 x5/t0    0000000a x6/t1    0000000a x7/t2    00000000
 x8/s0    00000001 x9/s1    00000000 x10/a0   00000001 x11/a1   00012000
 x12/a2   00000001 x13/a3   00000000 x14/a4   00000000 x15/a5   00000000
 x16/a6   00000000 x17/a7   00000040 x18/s2   00000000 x19/s3   00000000
 x20/s4   00000000 x21/s5   00000000 x22/s6   00000000 x23/s7   00000000
 x24/s8   00000000 x25/s9   00000000 x26/s10  00000000 x27/s11  00000000
 x28/t3   00000014 x29/t4   00000000 x30/t5   00000014 x31/t6   00000000
 pc       00010110
 x0/zero  00000000 x1/ra    0001014c x2/sp    2b2aaeb0 x3/gp    00000000
 x4/tp    00000000 x5/t0    0000000a x6/t1    0000000a x7/t2    00000000
 x8/s0    00000001 x9/s1    00000000 x10/a0   00000001 x11/a1   00012000
 x12/a2   00000001 x13/a3   00000000 x14/a4   00000000 x15/a5   00000000
 x16/a6   00000000 x17/a7   0000003f x18/s2   00000000 x19/s3   00000000
 x20/s4   00000000 x21/s5   00000000 x22/s6   00000000 x23/s7   00000000
 x24/s8   00000000 x25/s9   00000000 x26/s10  00000000 x27/s11  00000000
 x28/t3   00000014 x29/t4   00000000 x30/t5   00000014 x31/t6   00000000
 pc       00010134
 x0/zero  00000000 x1/ra    0001014c x2/sp    2b2aaeb0 x3/gp    00000000
 x4/tp    00000000 x5/t0    0000000a x6/t1    0000000a x7/t2    00000000
 x8/s0    00000001 x9/s1    00000000 x10/a0   00000001 x11/a1   00012000
 x12/a2   00000001 x13/a3   00000000 x14/a4   00000000 x15/a5   00000000
 x16/a6   00000000 x17/a7   00000040 x18/s2   00000000 x19/s3   00000000
 x20/s4   00000000 x21/s5   00000000 x22/s6   00000000 x23/s7   00000000
 x24/s8   00000000 x25/s9   00000000 x26/s10  00000000 x27/s11  00000000
 x28/t3   00000014 x29/t4   00000000 x30/t5   00000014 x31/t6   00000000
 pc       00010110
 x0/zero  00000000 x1/ra    0001014c x2/sp    2b2aaeb0 x3/gp    00000000
 x4/tp    00000000 x5/t0    00000039 x6/t1    0000000a x7/t2    00000000
 x8/s0    00000001 x9/s1    00000000 x10/a0   00000001 x11/a1   00012000
 x12/a2   00000001 x13/a3   00000000 x14/a4   00000000 x15/a5   00000000
 x16/a6   00000000 x17/a7   0000003f x18/s2   00000000 x19/s3   00000000
 x20/s4   00000000 x21/s5   00000000 x22/s6   00000000 x23/s7   00000000
 x24/s8   00000000 x25/s9   00000000 x26/s10  00000000 x27/s11  00000000
 x28/t3   00000014 x29/t4   00000000 x30/t5   00000014 x31/t6   00000000
 pc       00010134
 x0/zero  00000000 x1/ra    0001014c x2/sp    2b2aaeb0 x3/gp    00000000
 x4/tp    00000000 x5/t0    00000039 x6/t1    0000000a x7/t2    00000000
 x8/s0    00000001 x9/s1    00000000 x10/a0   00000001 x11/a1   00012000
 x12/a2   00000001 x13/a3   00000000 x14/a4   00000000 x15/a5   00000000
 x16/a6   00000000 x17/a7   00000040 x18/s2   00000000 x19/s3   00000000
 x20/s4   00000000 x21/s5   00000000 x22/s6   00000000 x23/s7   00000000
 x24/s8   00000000 x25/s9   00000000 x26/s10  00000000 x27/s11  00000000
 x28/t3   00000014 x29/t4   00000000 x30/t5   00000014 x31/t6   00000000
 pc       00010110
 x0/zero  00000000 x1/ra    0001014c x2/sp    2b2aaeb0 x3/gp    00000000
 x4/tp    00000000 x5/t0    00000030 x6/t1    0000000a x7/t2    00000000
 x8/s0    00000001 x9/s1    00000000 x10/a0   00000001 x11/a1   00012000
 x12/a2   00000001 x13/a3   00000000 x14/a4   00000000 x15/a5   00000000
 x16/a6   00000000 x17/a7   0000003f x18/s2   00000000 x19/s3   00000000
 x20/s4   00000000 x21/s5   00000000 x22/s6   00000000 x23/s7   00000000
 x24/s8   00000000 x25/s9   00000000 x26/s10  00000000 x27/s11  00000000
 x28/t3   00000014 x29/t4   00000000 x30/t5   00000014 x31/t6   00000000
 pc       00010134
 x0/zero  00000000 x1/ra    0001014c x2/sp    2b2aaeb0 x3/gp    00000000
 x4/tp    00000000 x5/t0    00000030 x6/t1    0000000a x7/t2    00000000
 x8/s0    00000001 x9/s1    00000000 x10/a0   00000001 x11/a1   00012000
 x12/a2   00000001 x13/a3   00000000 x14/a4   00000000 x15/a5   00000000
 x16/a6   00000000 x17/a7   00000040 x18/s2   00000000 x19/s3   00000000
 x20/s4   00000000 x21/s5   00000000 x22/s6   00000000 x23/s7   00000000
 x24/s8   00000000 x25/s9   00000000 x26/s10  00000000 x27/s11  00000000
 x28/t3   00000014 x29/t4   00000000 x30/t5   00000014 x31/t6   00000000
 pc       0001014c
 x0/zero  00000000 x1/ra    0001014c x2/sp    2b2aaeb0 x3/gp    00000000
 x4/tp    00000000 x5/t0    0000000a x6/t1    0000000a x7/t2    00000000
 x8/s0    00000001 x9/s1    00000000 x10/a0   00000001 x11/a1   00012000
 x12/a2   00000001 x13/a3   00000000 x14/a4   00000000 x15/a5   00000000
 x16/a6   00000000 x17/a7   00000040 x18/s2   00000000 x19/s3   00000000
 x20/s4   00000000 x21/s5   00000000 x22/s6   00000000 x23/s7   00000000
 x24/s8   00000000 x25/s9   00000000 x26/s10  00000000 x27/s11  00000000
 x28/t3   00000014 x29/t4   00000000 x30/t5   00000014 x31/t6   00000000
 pc       00010110
 x0/zero  00000000 x1/ra    0001014c x2/sp    2b2aaeb0 x3/gp    00000000
 x4/tp    00000000 x5/t0    0000000a x6/t1    0000000a x7/t2    00000000
 x8/s0    00000001 x9/s1    00000000 x10/a0   00000001 x11/a1   00012000
 x12/a2   00000001 x13/a3   00000000 x14/a4   00000000 x15/a5   00000000
 x16/a6   00000000 x17/a7   0000003f x18/s2   00000000 x19/s3   00000000
 x20/s4   00000000 x21/s5   00000000 x22/s6   00000000 x23/s7   00000000
 x24/s8   00000000 x25/s9   00000000 x26/s10  00000000 x27/s11  00000000
 x28/t3   00000014 x29/t4   00000000 x30/t5   00000014 x31/t6   00000000
 pc       00010134
 x0/zero  00000000 x1/ra    0001014c x2/sp    2b2aaeb0 x3/gp    00000000
 x4/tp    00000000 x5/t0    0000000a x6/t1    0000000a x7/t2    00000000
 x8/s0    00000001 x9/s1    00000000 x10/a0   00000001 x11/a1   00012000
 x12/a2   00000001 x13/a3   00000000 x14/a4   00000000 x15/a5   00000000
 x16/a6   00000000 x17/a7   00000040 x18/s2   00000000 x19/s3   00000000
 x20/s4   00000000 x21/s5   00000000 x22/s6   00000000 x23/s7   00000000
 x24/s8   00000000 x25/s9   00000000 x26/s10  00000000 x27/s11  00000000
 x28/t3   00000014 x29/t4   00000000 x30/t5   00000014 x31/t6   00000000
 pc       00010110
 x0/zero  00000000 x1/ra    0001014c x2/sp    2b2aaeb0 x3/gp    00000000
 x4/tp    00000000 x5/t0    00000031 x6/t1    0000000a x7/t2    00000000
 x8/s0    00000001 x9/s1    00000000 x10/a0   00000001 x11/a1   00012000
 x12/a2   00000001 x13/a3   00000000 x14/a4   00000000 x15/a5   00000000
 x16/a6   00000000 x17/a7   0000003f x18/s2   00000000 x19/s3   00000000
 x20/s4   00000000 x21/s5   00000000 x22/s6   00000000 x23/s7   00000000
 x24/s8   00000000 x25/s9   00000000 x26/s10  00000000 x27/s11  00000000
 x28/t3   00000014 x29/t4   00000000 x30/t5   00000014 x31/t6   00000000
 pc       00010134
 x0/zero  00000000 x1/ra    0001014c x2/sp    2b2aaeb0 x3/gp    00000000
 x4/tp    00000000 x5/t0    00000031 x6/t1    0000000a x7/t2    00000000
 x8/s0    00000001 x9/s1    00000000 x10/a0   00000001 x11/a1   00012000
 x12/a2   00000001 x13/a3   00000000 x14/a4   00000000 x15/a5   00000000
 x16/a6   00000000 x17/a7   00000040 x18/s2   00000000 x19/s3   00000000
 x20/s4   00000000 x21/s5   00000000 x22/s6   00000000 x23/s7   00000000
 x24/s8   00000000 x25/s9   00000000 x26/s10  00000000 x27/s11  00000000
 x28/t3   00000014 x29/t4   00000000 x30/t5   00000014 x31/t6   00000000
 pc       00010110
 x0/zero  00000000 x1/ra    0001014c x2/sp    2b2aaeb0 x3/gp    00000000
 x4/tp    00000000 x5/t0    00000030 x6/t1    0000000a x7/t2    00000000
 x8/s0    00000001 x9/s1    00000000 x10/a0   00000001 x11/a1   00012000
 x12/a2   00000001 x13/a3   00000000 x14/a4   00000000 x15/a5   00000000
 x16/a6   00000000 x17/a7   0000003f x18/s2   00000000 x19/s3   00000000
 x20/s4   00000000 x21/s5   00000000 x22/s6   00000000 x23/s7   00000000
 x24/s8   00000000 x25/s9   00000000 x26/s10  00000000 x27/s11  00000000
 x28/t3   00000014 x29/t4   00000000 x30/t5   00000014 x31/t6   00000000
 pc       00010134
 x0/zero  00000000 x1/ra    0001014c x2/sp    2b2aaeb0 x3/gp    00000000
 x4/tp    00000000 x5/t0    00000030 x6/t1    0000000a x7/t2    00000000
 x8/s0    00000001 x9/s1    00000000 x10/a0   00000001 x11/a1   00012000
 x12/a2   00000001 x13/a3   00000000 x14/a4   00000000 x15/a5   00000000
 x16/a6   00000000 x17/a7   00000040 x18/s2   00000000 x19/s3   00000000
 x20/s4   00000000 x21/s5   00000000 x22/s6   00000000 x23/s7   00000000
 x24/s8   00000000 x25/s9   00000000 x26/s10  00000000 x27/s11  00000000
 x28/t3   00000014 x29/t4   00000000 x30/t5   00000014 x31/t6   00000000
 pc       00010110
 x0/zero  00000000 x1/ra    0001014c x2/sp    2b2aaeb0 x3/gp    00000000
 x4/tp    00000000 x5/t0    00000035 x6/t1    0000000a x7/t2    00000000
 x8/s0    00000001 x9/s1    00000000 x10/a0   00000001 x11/a1   00012000
 x12/a2   00000001 x13/a3   00000000 x14/a4   00000000 x15/a5   00000000
 x16/a6   00000000 x17/a7   0000003f x18/s2   00000000 x19/s3   00000000
 x20/s4   00000000 x21/s5   00000000 x22/s6   00000000 x23/s7   00000000
 x24/s8   00000000 x25/s9   00000000 x26/s10  00000000 x27/s11  00000000
 x28/t3   00000014 x29/t4   00000000 x30/t5   00000014 x31/t6   00000000
 pc       00010134
 x0/zero  00000000 x1/ra    0001014c x2/sp    2b2aaeb0 x3/gp    00000000
 x4/tp    00000000 x5/t0    00000035 x6/t1    0000000a x7/t2    00000000
 x8/s0    00000001 x9/s1    00000000 x10/a0   00000001 x11/a1   00012000
 x12/a2   00000001 x13/a3   00000000 x14/a4   00000000 x15/a5   00000000
 x16/a6   00000000 x17/a7   00000040 x18/s2   00000000 x19/s3   00000000
 x20/s4   00000000 x21/s5   00000000 x22/s6   00000000 x23/s7   00000000
 x24/s8   00000000 x25/s9   00000000 x26/s10  00000000 x27/s11  00000000
 x28/t3   00000014 x29/t4   00000000 x30/t5   00000014 x31/t6   00000000
 pc       0001014c
 x0/zero  00000000 x1/ra    0001014c x2/sp    2b2aaeb0 x3/gp    00000000
 x4/tp    00000000 x5/t0    0000000a x6/t1    0000000a x7/t2    00000000
 x8/s0    00000001 x9/s1    00000000 x10/a0   00000001 x11/a1   00012000
 x12/a2   00000001 x13/a3   00000000 x14/a4   00000000 x15/a5   00000000
 x16/a6   00000000 x17/a7   00000040 x18/s2   00000000 x19/s3   00000000
 x20/s4   00000000 x21/s5   00000000 x22/s6   00000000 x23/s7   00000000
 x24/s8   00000000 x25/s9   00000000 x26/s10  00000000 x27/s11  00000000
 x28/t3   00000014 x29/t4   00000000 x30/t5   00000014 x31/t6   00000000
 pc       00010110
 x0/zero  00000000 x1/ra    0001014c x2/sp    2b2aaeb0 x3/gp    00000000
 x4/tp    00000000 x5/t0    0000000a x6/t1    0000000a x7/t2    00000000
 x8/s0    00000001 x9/s1    00000000 x10/a0   00000001 x11/a1   00012000
 x12/a2   00000001 x13/a3   00000000 x14/a4   00000000 x15/a5   00000000
 x16/a6   00000000 x17/a7   0000003f x18/s2   00000000 x19/s3   00000000
 x20/s4   00000000 x21/s5   00000000 x22/s6   00000000 x23/s7   00000000
 x24/s8   00000000 x25/s9   00000000 x26/s10  00000000 x27/s11  00000000
 x28/t3   00000014 x29/t4   00000000 x30/t5   00000014 x31/t6   00000000
 pc       00010134
 x0/zero  00000000 x1/ra    0001014c x2/sp    2b2aaeb0 x3/gp    00000000
 x4/tp    00000000 x5/t0    0000000a x6/t1    0000000a x7/t2    00000000
 x8/s0    00000001 x9/s1    00000000 x10/a0   00000001 x11/a1   00012000
 x12/a2   00000001 x13/a3   00000000 x14/a4   00000000 x15/a5   00000000
 x16/a6   00000000 x17/a7   00000040 x18/s2   00000000 x19/s3   00000000
 x20/s4   00000000 x21/s5   00000000 x22/s6   00000000 x23/s7   00000000
 x24/s8   00000000 x25/s9   00000000 x26/s10  00000000 x27/s11  00000000
 x28/t3   00000014 x29/t4   00000000 x30/t5   00000014 x31/t6   00000000
 pc       00010110
 x0/zero  00000000 x1/ra    0001014c x2/sp    2b2aaeb0 x3/gp    00000000
 x4/tp    00000000 x5/t0    00000036 x6/t1    0000000a x7/t2    00000000
 x8/s0    00000001 x9/s1    00000000 x10/a0   00000001 x11/a1   00012000
 x12/a2   00000001 x13/a3   00000000 x14/a4   00000000 x15/a5   00000000
 x16/a6   00000000 x17/a7   0000003f x18/s2   00000000 x19/s3   00000000
 x20/s4   00000000 x21/s5   00000000 x22/s6   00000000 x23/s7   00000000
 x24/s8   00000000 x25/s9   00000000 x26/s10  00000000 x27/s11  00000000
 x28/t3   00000014 x29/t4   00000000 x30/t5   00000014 x31/t6   00000000
 pc       00010134
 x0/zero  00000000 x1/ra    0001014c x2/sp    2b2aaeb0 x3/gp    00000000
 x4/tp    00000000 x5/t0    00000036 x6/t1    0000000a x7/t2    00000000
 x8/s0    00000001 x9/s1    00000000 x10/a0   00000001 x11/a1   00012000
 x12/a2   00000001 x13/a3   00000000 x14/a4   00000000 x15/a5   00000000
 x16/a6   00000000 x17/a7   00000040 x18/s2   00000000 x19/s3   00000000
 x20/s4   00000000 x21/s5   00000000 x22/s6   00000000 x23/s7   00000000
 x24/s8   00000000 x25/s9   00000000 x26/s10  00000000 x27/s11  00000000
 x28/t3   00000014 x29/t4   00000000 x30/t5   00000014 x31/t6   00000000
 pc       00010110
 x0/zero  00000000 x1/ra    0001014c x2/sp    2b2aaeb0 x3/gp    00000000
 x4/tp    00000000 x5/t0    00000039 x6/t1    0000000a x7/t2    00000000
 x8/s0    00000001 x9/s1    00000000 x10/a0   00000001 x11/a1   00012000
 x12/a2   00000001 x13/a3   00000000 x14/a4   00000000 x15/a5   00000000
 x16/a6   00000000 x17/a7   0000003f x18/s2   00000000 x19/s3   00000000
 x20/s4   00000000 x21/s5   00000000 x22/s6   00000000 x23/s7   00000000
 x24/s8   00000000 x25/s9   00000000 x26/s10  00000000 x27/s11  00000000
 x28/t3   00000014 x29/t4   00000000 x30/t5   00000014 x31/t6   00000000
 pc       00010134
 x0/zero  00000000 x1/ra    0001014c x2/sp    2b2aaeb0 x3/gp    00000000
 x4/tp    00000000 x5/t0    00000039 x6/t1    0000000a x7/t2    00000000
 x8/s0    00000001 x9/s1    00000000 x10/a0   00000001 x11/a1   00012000
 x12/a2   00000001 x13/a3   00000000 x14/a4   00000000 x15/a5   00000000
 x16/a6   00000000 x17/a7   00000040 x18/s2   00000000 x19/s3   00000000
 x20/s4   00000000 x21/s5   00000000 x22/s6   00000000 x23/s7   00000000
 x24/s8   00000000 x25/s9   00000000 x26/s10  00000000 x27/s11  00000000
 x28/t3   00000014 x29/t4   00000000 x30/t5   00000014 x31/t6   00000000
 pc       0001014c
 x0/zero  00000000 x1/ra    0001014c x2/sp    2b2aaeb0 x3/gp    00000000
 x4/tp    00000000 x5/t0    0000000a x6/t1    0000000a x7/t2    00000000
 x8/s0    00000001 x9/s1    00000000 x10/a0   00000001 x11/a1   00012000
 x12/a2   00000001 x13/a3   00000000 x14/a4   00000000 x15/a5   00000000
 x16/a6   00000000 x17/a7   00000040 x18/s2   00000000 x19/s3   00000000
 x20/s4   00000000 x21/s5   00000000 x22/s6   00000000 x23/s7   00000000
 x24/s8   00000000 x25/s9   00000000 x26/s10  00000000 x27/s11  00000000
 x28/t3   00000014 x29/t4   00000000 x30/t5   00000014 x31/t6   00000000
 pc       00010110
 x0/zero  00000000 x1/ra    0001014c x2/sp    2b2aaeb0 x3/gp    00000000
 x4/tp    00000000 x5/t0    0000000a x6/t1    0000000a x7/t2    00000000
 x8/s0    00000001 x9/s1    00000000 x10/a0   00000001 x11/a1   00012000
 x12/a2   00000001 x13/a3   00000000 x14/a4   00000000 x15/a5   00000000
 x16/a6   00000000 x17/a7   0000003f x18/s2   00000000 x19/s3   00000000
 x20/s4   00000000 x21/s5   00000000 x22/s6   00000000 x23/s7   00000000
 x24/s8   00000000 x25/s9   00000000 x26/s10  00000000 x27/s11  00000000
 x28/t3   00000014 x29/t4   00000000 x30/t5   00000014 x31/t6   00000000
 pc       00010134
 x0/zero  00000000 x1/ra    0001014c x2/sp    2b2aaeb0 x3/gp    00000000
 x4/tp    00000000 x5/t0    0000000a x6/t1    0000000a x7/t2    00000000
 x8/s0    00000001 x9/s1    00000000 x10/a0   00000001 x11/a1   00012000
 x12/a2   00000001 x13/a3   00000000 x14/a4   00000000 x15/a5   00000000
 x16/a6   00000000 x17/a7   00000040 x18/s2   00000000 x19/s3   00000000
 x20/s4   00000000 x21/s5   00000000 x22/s6   00000000 x23/s7   00000000
 x24/s8   00000000 x25/s9   00000000 x26/s10  00000000 x27/s11  00000000
 x28/t3   00000014 x29/t4   00000000 x30/t5   00000014 x31/t6   00000000
 pc       00010110
 x0/zero  00000000 x1/ra    0001014c x2/sp    2b2aaeb0 x3/gp    00000000
 x4/tp    00000000 x5/t0    00000035 x6/t1    0000000a x7/t2    00000000
 x8/s0    00000001 x9/s1    00000000 x10/a0   00000001 x11/a1   00012000
 x12/a2   00000001 x13/a3   00000000 x14/a4   00000000 x15/a5   00000000
 x16/a6   00000000 x17/a7   0000003f x18/s2   00000000 x19/s3   00000000
 x20/s4   00000000 x21/s5   00000000 x22/s6   00000000 x23/s7   00000000
 x24/s8   00000000 x25/s9   00000000 x26/s10  00000000 x27/s11  00000000
 x28/t3   00000014 x29/t4   00000000 x30/t5   00000014 x31/t6   00000000
 pc       00010134
 x0/zero  00000000 x1/ra    0001014c x2/sp    2b2aaeb0 x3/gp    00000000
 x4/tp    00000000 x5/t0    00000035 x6/t1    0000000a x7/t2    00000000
 x8/s0    00000001 x9/s1    00000000 x10/a0   00000001 x11/a1   00012000
 x12/a2   00000001 x13/a3   00000000 x14/a4   00000000 x15/a5   00000000
 x16/a6   00000000 x17/a7   00000040 x18/s2   00000000 x19/s3   00000000
 x20/s4   00000000 x21/s5   00000000 x22/s6   00000000 x23/s7   00000000
 x24/s8   00000000 x25/s9   00000000 x26/s10  00000000 x27/s11  00000000
 x28/t3   00000014 x29/t4   00000000 x30/t5   00000014 x31/t6   00000000
 pc       00010110
 x0/zero  00000000 x1/ra    0001014c x2/sp    2b2aaeb0 x3/gp    00000000
 x4/tp    00000000 x5/t0    00000038 x6/t1    0000000a x7/t2    00000000
 x8/s0    00000001 x9/s1    00000000 x10/a0   00000001 x11/a1   00012000
 x12/a2   00000001 x13/a3   00000000 x14/a4   00000000 x15/a5   00000000
 x16/a6   00000000 x17/a7   0000003f x18/s2   00000000 x19/s3   00000000
 x20/s4   00000000 x21/s5   00000000 x22/s6   00000000 x23/s7   00000000
 x24/s8   00000000 x25/s9   00000000 x26/s10  00000000 x27/s11  00000000
 x28/t3   00000014 x29/t4   00000000 x30/t5   00000014 x31/t6   00000000
 pc       00010134
 x0/zero  00000000 x1/ra    0001014c x2/sp    2b2aaeb0 x3/gp    00000000
 x4/tp    00000000 x5/t0    00000038 x6/t1    0000000a x7/t2    00000000
 x8/s0    00000001 x9/s1    00000000 x10/a0   00000001 x11/a1   00012000
 x12/a2   00000001 x13/a3   00000000 x14/a4   00000000 x15/a5   00000000
 x16/a6   00000000 x17/a7   00000040 x18/s2   00000000 x19/s3   00000000
 x20/s4   00000000 x21/s5   00000000 x22/s6   00000000 x23/s7   00000000
 x24/s8   00000000 x25/s9   00000000 x26/s10  00000000 x27/s11  00000000
 x28/t3   00000014 x29/t4   00000000 x30/t5   00000014 x31/t6   00000000
 pc       0001014c
 x0/zero  00000000 x1/ra    0001014c x2/sp    2b2aaeb0 x3/gp    00000000
 x4/tp    00000000 x5/t0    0000000a x6/t1    0000000a x7/t2    00000000
 x8/s0    00000001 x9/s1    00000000 x10/a0   00000001 x11/a1   00012000
 x12/a2   00000001 x13/a3   00000000 x14/a4   00000000 x15/a5   00000000
 x16/a6   00000000 x17/a7   00000040 x18/s2   00000000 x19/s3   00000000
 x20/s4   00000000 x21/s5   00000000 x22/s6   00000000 x23/s7   00000000
 x24/s8   00000000 x25/s9   00000000 x26/s10  00000000 x27/s11  00000000
 x28/t3   00000014 x29/t4   00000000 x30/t5   00000014 x31/t6   00000000
 pc       00010110
 x0/zero  00000000 x1/ra    0001014c x2/sp    2b2aaeb0 x3/gp    00000000
 x4/tp    00000000 x5/t0    0000000a x6/t1    0000000a x7/t2    00000000
 x8/s0    00000001 x9/s1    00000000 x10/a0   00000001 x11/a1   00012000
 x12/a2   00000001 x13/a3   00000000 x14/a4   00000000 x15/a5   00000000
 x16/a6   00000000 x17/a7   0000003f x18/s2   00000000 x19/s3   00000000
 x20/s4   00000000 x21/s5   00000000 x22/s6   00000000 x23/s7   00000000
 x24/s8   00000000 x25/s9   00000000 x26/s10  00000000 x27/s11  00000000
 x28/t3   00000014 x29/t4   00000000 x30/t5   00000014 x31/t6   00000000
 pc       00010134
 x0/zero  00000000 x1/ra    0001014c x2/sp    2b2aaeb0 x3/gp    00000000
 x4/tp    00000000 x5/t0    0000000a x6/t1    0000000a x7/t2    00000000
 x8/s0    00000001 x9/s1    00000000 x10/a0   00000001 x11/a1   00012000
 x12/a2   00000001 x13/a3   00000000 x14/a4   00000000 x15/a5   00000000
 x16/a6   00000000 x17/a7   00000040 x18/s2   00000000 x19/s3   00000000
 x20/s4   00000000 x21/s5   00000000 x22/s6   00000000 x23/s7   00000000
 x24/s8   00000000 x25/s9   00000000 x26/s10  00000000 x27/s11  00000000
 x28/t3   00000014 x29/t4   00000000 x30/t5   00000014 x31/t6   00000000
 pc       00010110
 x0/zero  00000000 x1/ra    0001014c x2/sp    2b2aaeb0 x3/gp    00000000
 x4/tp    00000000 x5/t0    00000036 x6/t1    0000000a x7/t2    00000000
 x8/s0    00000001 x9/s1    00000000 x10/a0   00000001 x11/a1   00012000
 x12/a2   00000001 x13/a3   00000000 x14/a4   00000000 x15/a5   00000000
 x16/a6   00000000 x17/a7   0000003f x18/s2   00000000 x19/s3   00000000
 x20/s4   00000000 x21/s5   00000000 x22/s6   00000000 x23/s7   00000000
 x24/s8   00000000 x25/s9   00000000 x26/s10  00000000 x27/s11  00000000
 x28/t3   00000014 x29/t4   00000000 x30/t5   00000014 x31/t6   00000000
 pc       00010134
 x0/zero  00000000 x1/ra    0001014c x2/sp    2b2aaeb0 x3/gp    00000000
 x4/tp    00000000 x5/t0    00000036 x6/t1    0000000a x7/t2    00000000
 x8/s0    00000001 x9/s1    00000000 x10/a0   00000001 x11/a1   00012000
 x12/a2   00000001 x13/a3   00000000 x14/a4   00000000 x15/a5   00000000
 x16/a6   00000000 x17/a7   00000040 x18/s2   00000000 x19/s3   00000000
 x20/s4   00000000 x21/s5   00000000 x22/s6   00000000 x23/s7   00000000
 x24/s8   00000000 x25/s9   00000000 x26/s10  00000000 x27/s11  00000000
 x28/t3   00000014 x29/t4   00000000 x30/t5   00000014 x31/t6   00000000
 pc       00010110
 x0/zero  00000000 x1/ra    0001014c x2/sp    2b2aaeb0 x3/gp    00000000
 x4/tp    00000000 x5/t0    00000031 x6/t1    0000000a x7/t2    00000000
 x8/s0    00000001 x9/s1    00000000 x10/a0   00000001 x11/a1   00012000
 x12/a2   00000001 x13/a3   00000000 x14/a4   00000000 x15/a5   00000000
 x16/a6   00000000 x17/a7   0000003f x18/s2   00000000 x19/s3   00000000
 x20/s4   00000000 x21/s5   00000000 x22/s6   00000000 x23/s7   00000000
 x24/s8   00000000 x25/s9   00000000 x26/s10  00000000 x27/s11  00000000
 x28/t3   00000014 x29/t4   00000000 x30/t5   00000014 x31/t6   00000000
 pc       00010134
 x0/zero  00000000 x1/ra    0001014c x2/sp    2b2aaeb0 x3/gp    00000000
 x4/tp    00000000 x5/t0    00000031 x6/t1    0000000a x7/t2    00000000
 x8/s0    00000001 x9/s1    00000000 x10/a0   00000001 x11/a1   00012000
 x12/a2   00000001 x13/a3   00000000 x14/a4   00000000 x15/a5   00000000
 x16/a6   00000000 x17/a7   00000040 x18/s2   00000000 x19/s3   00000000
 x20/s4   00000000 x21/s5   00000000 x22/s6   00000000 x23/s7   00000000
 x24/s8   00000000 x25/s9   00000000 x26/s10  00000000 x27/s11  00000000
 x28/t3   00000014 x29/t4   00000000 x30/t5   00000014 x31/t6   00000000
 pc       0001014c
 x0/zero  00000000 x1/ra    0001014c x2/sp    2b2aaeb0 x3/gp    00000000
 x4/tp    00000000 x5/t0    0000000a x6/t1    0000000a x7/t2    00000000
 x8/s0    00000001 x9/s1    00000000 x10/a0   00000001 x11/a1   00012000
 x12/a2   00000001 x13/a3   00000000 x14/a4   00000000 x15/a5   00000000
 x16/a6   00000000 x17/a7   00000040 x18/s2   00000000 x19/s3   00000000
 x20/s4   00000000 x21/s5   00000000 x22/s6   00000000 x23/s7   00000000
 x24/s8   00000000 x25/s9   00000000 x26/s10  00000000 x27/s11  00000000
 x28/t3   00000014 x29/t4   00000000 x30/t5   00000014 x31/t6   00000000
 pc       00010110
 x0/zero  00000000 x1/ra    0001014c x2/sp    2b2aaeb0 x3/gp    00000000
 x4/tp    00000000 x5/t0    0000000a x6/t1    0000000a x7/t2    00000000
 x8/s0    00000001 x9/s1    00000000 x10/a0   00000001 x11/a1   00012000
 x12/a2   00000001 x13/a3   00000000 x14/a4   00000000 x15/a5   00000000
 x16/a6   00000000 x17/a7   0000003f x18/s2   00000000 x19/s3   00000000
 x20/s4   00000000 x21/s5   00000000 x22/s6   00000000 x23/s7   00000000
 x24/s8   00000000 x25/s9   00000000 x26/s10  00000000 x27/s11  00000000
 x28/t3   00000014 x29/t4   00000000 x30/t5   00000014 x31/t6   00000000
 pc       00010134
 x0/zero  00000000 x1/ra    0001014c x2/sp    2b2aaeb0 x3/gp    00000000
 x4/tp    00000000 x5/t0    0000000a x6/t1    0000000a x7/t2    00000000
 x8/s0    00000001 x9/s1    00000000 x10/a0   00000001 x11/a1   00012000
 x12/a2   00000001 x13/a3   00000000 x14/a4   00000000 x15/a5   00000000
 x16/a6   00000000 x17/a7   00000040 x18/s2   00000000 x19/s3   00000000
 x20/s4   00000000 x21/s5   00000000 x22/s6   00000000 x23/s7   00000000
 x24/s8   00000000 x25/s9   00000000 x26/s10  00000000 x27/s11  00000000
 x28/t3   00000014 x29/t4   00000000 x30/t5   00000014 x31/t6   00000000
 pc       00010110
 x0/zero  00000000 x1/ra    0001014c x2/sp    2b2aaeb0 x3/gp    00000000
 x4/tp    00000000 x5/t0    00000039 x6/t1    0000000a x7/t2    00000000
 x8/s0    00000001 x9/s1    00000000 x10/a0   00000001 x11/a1   00012000
 x12/a2   00000001 x13/a3   00000000 x14/a4   00000000 x15/a5   00000000
 x16/a6   00000000 x17/a7   0000003f x18/s2   00000000 x19/s3   00000000
 x20/s4   00000000 x21/s5   00000000 x22/s6   00000000 x23/s7   00000000
 x24/s8   00000000 x25/s9   00000000 x26/s10  00000000 x27/s11  00000000
 x28/t3   00000014 x29/t4   00000000 x30/t5   00000014 x31/t6   00000000
 pc       00010134
 x0/zero  00000000 x1/ra    0001014c x2/sp    2b2aaeb0 x3/gp    00000000
 x4/tp    00000000 x5/t0    00000039 x6/t1    0000000a x7/t2    00000000
 x8/s0    00000001 x9/s1    00000000 x10/a0   00000001 x11/a1   00012000
 x12/a2   00000001 x13/a3   00000000 x14/a4   00000000 x15/a5   00000000
 x16/a6   00000000 x17/a7   00000040 x18/s2   00000000 x19/s3   00000000
 x20/s4   00000000 x21/s5   00000000 x22/s6   00000000 x23/s7   00000000
 x24/s8   00000000 x25/s9   00000000 x26/s10  00000000 x27/s11  00000000
 x28/t3   00000014 x29/t4   00000000 x30/t5   00000014 x31/t6   00000000
 pc       00010110
 x0/zero  00000000 x1/ra    0001014c x2/sp    2b2aaeb0 x3/gp    00000000
 x4/tp    00000000 x5/t0    00000030 x6/t1    0000000a x7/t2    00000000
 x8/s0    00000001 x9/s1    00000000 x10/a0   00000001 x11/a1   00012000
 x12/a2   00000001 x13/a3   00000000 x14/a4   00000000 x15/a5   00000000
 x16/a6   00000000 x17/a7   0000003f x18/s2   00000000 x19/s3   00000000
 x20/s4   00000000 x21/s5   00000000 x22/s6   00000000 x23/s7   00000000
 x24/s8   00000000 x25/s9   00000000 x26/s10  00000000 x27/s11  00000000
 x28/t3   00000014 x29/t4   00000000 x30/t5   00000014 x31/t6   00000000
 pc       00010134
 x0/zero  00000000 x1/ra    0001014c x2/sp    2b2aaeb0 x3/gp    00000000
 x4/tp    00000000 x5/t0    00000030 x6/t1    0000000a x7/t2    00000000
 x8/s0    00000001 x9/s1    00000000 x10/a0   00000001 x11/a1   00012000
 x12/a2   00000001 x13/a3   00000000 x14/a4   00000000 x15/a5   00000000
 x16/a6   00000000 x17/a7   00000040 x18/s2   00000000 x19/s3   00000000
 x20/s4   00000000 x21/s5   00000000 x22/s6   00000000 x23/s7   00000000
 x24/s8   00000000 x25/s9   00000000 x26/s10  00000000 x27/s11  00000000
 x28/t3   00000014 x29/t4   00000000 x30/t5   00000014 x31/t6   00000000
 pc       0001014c
 x0/zero  00000000 x1/ra    0001014c x2/sp    2b2aaeb0 x3/gp    00000000
 x4/tp    00000000 x5/t0    0000000a x6/t1    0000000a x7/t2    00000000
 x8/s0    00000001 x9/s1    00000000 x10/a0   00000001 x11/a1   00012000
 x12/a2   00000001 x13/a3   00000000 x14/a4   00000000 x15/a5   00000000
 x16/a6   00000000 x17/a7   00000040 x18/s2   00000000 x19/s3   00000000
 x20/s4   00000000 x21/s5   00000000 x22/s6   00000000 x23/s7   00000000
 x24/s8   00000000 x25/s9   00000000 x26/s10  00000000 x27/s11  00000000
 x28/t3   00000014 x29/t4   00000000 x30/t5   00000014 x31/t6   00000000
 pc       00010110
 x0/zero  00000000 x1/ra    0001014c x2/sp    2b2aaeb0 x3/gp    00000000
 x4/tp    00000000 x5/t0    0000000a x6/t1    0000000a x7/t2    00000000
 x8/s0    00000001 x9/s1    00000000 x10/a0   00000001 x11/a1   00012000
 x12/a2   00000001 x13/a3   00000000 x14/a4   00000000 x15/a5   00000000
 x16/a6   00000000 x17/a7   0000003f x18/s2   00000000 x19/s3   00000000
 x20/s4   00000000 x21/s5   00000000 x22/s6   00000000 x23/s7   00000000
 x24/s8   00000000 x25/s9   00000000 x26/s10  00000000 x27/s11  00000000
 x28/t3   00000014 x29/t4   00000000 x30/t5   00000014 x31/t6   00000000
 pc       00010134
 x0/zero  00000000 x1/ra    0001014c x2/sp    2b2aaeb0 x3/gp    00000000
 x4/tp    00000000 x5/t0    0000000a x6/t1    0000000a x7/t2    00000000
 x8/s0    00000001 x9/s1    00000000 x10/a0   00000001 x11/a1   00012000
 x12/a2   00000001 x13/a3   00000000 x14/a4   00000000 x15/a5   00000000
 x16/a6   00000000 x17/a7   00000040 x18/s2   00000000 x19/s3   00000000
 x20/s4   00000000 x21/s5   00000000 x22/s6   00000000 x23/s7   00000000
 x24/s8   00000000 x25/s9   00000000 x26/s10  00000000 x27/s11  00000000
 x28/t3   00000014 x29/t4   00000000 x30/t5   00000014 x31/t6   00000000
 pc       00010110
 x0/zero  00000000 x1/ra    0001014c x2/sp    2b2aaeb0 x3/gp    00000000
 x4/tp    00000000 x5/t0    00000031 x6/t1    0000000a x7/t2    00000000
 x8/s0    00000001 x9/s1    00000000 x10/a0   00000001 x11/a1   00012000
 x12/a2   00000001 x13/a3   00000000 x14/a4   00000000 x15/a5   00000000
 x16/a6   00000000 x17/a7   0000003f x18/s2   00000000 x19/s3   00000000
 x20/s4   00000000 x21/s5   00000000 x22/s6   00000000 x23/s7   00000000
 x24/s8   00000000 x25/s9   00000000 x26/s10  00000000 x27/s11  00000000
 x28/t3   00000014 x29/t4   00000000 x30/t5   00000014 x31/t6   00000000
 pc       00010134
 x0/zero  00000000 x1/ra    0001014c x2/sp    2b2aaeb0 x3/gp    00000000
 x4/tp    00000000 x5/t0    00000031 x6/t1    0000000a x7/t2    00000000
 x8/s0    00000001 x9/s1    00000000 x10/a0   00000001 x11/a1   00012000
 x12/a2   00000001 x13/a3   00000000 x14/a4   00000000 x15/a5   00000000
 x16/a6   00000000 x17/a7   00000040 x18/s2   00000000 x19/s3   00000000
 x20/s4   00000000 x21/s5   00000000 x22/s6   00000000 x23/s7   00000000
 x24/s8   00000000 x25/s9   00000000 x26/s10  00000000 x27/s11  00000000
 x28/t3   00000014 x29/t4   00000000 x30/t5   00000014 x31/t6   00000000
 pc       00010110
 x0/zero  00000000 x1/ra    0001014c x2/sp    2b2aaeb0 x3/gp    00000000
 x4/tp    00000000 x5/t0    00000030 x6/t1    0000000a x7/t2    00000000
 x8/s0    00000001 x9/s1    00000000 x10/a0   00000001 x11/a1   00012000
 x12/a2   00000001 x13/a3   00000000 x14/a4   00000000 x15/a5   00000000
 x16/a6   00000000 x17/a7   0000003f x18/s2   00000000 x19/s3   00000000
 x20/s4   00000000 x21/s5   00000000 x22/s6   00000000 x23/s7   00000000
 x24/s8   00000000 x25/s9   00000000 x26/s10  00000000 x27/s11  00000000
 x28/t3   00000014 x29/t4   00000000 x30/t5   00000014 x31/t6   00000000
 pc       00010134
 x0/zero  00000000 x1/ra    0001014c x2/sp    2b2aaeb0 x3/gp    00000000
 x4/tp    00000000 x5/t0    00000030 x6/t1    0000000a x7/t2    00000000
 x8/s0    00000001 x9/s1    00000000 x10/a0   00000001 x11/a1   00012000
 x12/a2   00000001 x13/a3   00000000 x14/a4   00000000 x15/a5   00000000
 x16/a6   00000000 x17/a7   00000040 x18/s2   00000000 x19/s3   00000000
 x20/s4   00000000 x21/s5   00000000 x22/s6   00000000 x23/s7   00000000
 x24/s8   00000000 x25/s9   00000000 x26/s10  00000000 x27/s11  00000000
 x28/t3   00000014 x29/t4   00000000 x30/t5   00000014 x31/t6   00000000
 pc       00010110
 x0/zero  00000000 x1/ra    0001014c x2/sp    2b2aaeb0 x3/gp    00000000
 x4/tp    00000000 x5/t0    00000035 x6/t1    0000000a x7/t2    00000000
 x8/s0    00000001 x9/s1    00000000 x10/a0   00000001 x11/a1   00012000
 x12/a2   00000001 x13/a3   00000000 x14/a4   00000000 x15/a5   00000000
 x16/a6   00000000 x17/a7   0000003f x18/s2   00000000 x19/s3   00000000
 x20/s4   00000000 x21/s5   00000000 x22/s6   00000000 x23/s7   00000000
 x24/s8   00000000 x25/s9   00000000 x26/s10  00000000 x27/s11  00000000
 x28/t3   00000014 x29/t4   00000000 x30/t5   00000014 x31/t6   00000000
 pc       00010134
 x0/zero  00000000 x1/ra    0001014c x2/sp    2b2aaeb0 x3/gp    00000000
 x4/tp    00000000 x5/t0    00000035 x6/t1    0000000a x7/t2    00000000
 x8/s0    00000001 x9/s1    00000000 x10/a0   00000001 x11/a1   00012000
 x12/a2   00000001 x13/a3   00000000 x14/a4   00000000 x15/a5   00000000
 x16/a6   00000000 x17/a7   00000040 x18/s2   00000000 x19/s3   00000000
 x20/s4   00000000 x21/s5   00000000 x22/s6   00000000 x23/s7   00000000
 x24/s8   00000000 x25/s9   00000000 x26/s10  00000000 x27/s11  00000000
 x28/t3   00000014 x29/t4   00000000 x30/t5   00000014 x31/t6   00000000
 pc       0001014c
 x0/zero  00000000 x1/ra    0001014c x2/sp    2b2aaeb0 x3/gp    00000000
 x4/tp    00000000 x5/t0    0000000a x6/t1    0000000a x7/t2    00000000
 x8/s0    00000001 x9/s1    00000000 x10/a0   00000001 x11/a1   00012000
 x12/a2   00000001 x13/a3   00000000 x14/a4   00000000 x15/a5   00000000
 x16/a6   00000000 x17/a7   00000040 x18/s2   00000000 x19/s3   00000000
 x20/s4   00000000 x21/s5   00000000 x22/s6   00000000 x23/s7   00000000
 x24/s8   00000000 x25/s9   00000000 x26/s10  00000000 x27/s11  00000000
 x28/t3   00000014 x29/t4   00000000 x30/t5   00000014 x31/t6   00000000
 pc       00010110
 x0/zero  00000000 x1/ra    0001014c x2/sp    2b2aaeb0 x3/gp    00000000
 x4/tp    00000000 x5/t0    0000000a x6/t1    0000000a x7/t2    00000000
 x8/s0    00000001 x9/s1    00000000 x10/a0   00000001 x11/a1   00012000
 x12/a2   00000001 x13/a3   00000000 x14/a4   00000000 x15/a5   00000000
 x16/a6   00000000 x17/a7   0000003f x18/s2   00000000 x19/s3   00000000
 x20/s4   00000000 x21/s5   00000000 x22/s6   00000000 x23/s7   00000000
 x24/s8   00000000 x25/s9   00000000 x26/s10  00000000 x27/s11  00000000
 x28/t3   00000014 x29/t4   00000000 x30/t5   00000014 x31/t6   00000000
 pc       00010134
 x0/zero  00000000 x1/ra    0001014c x2/sp    2b2aaeb0 x3/gp    00000000
 x4/tp    00000000 x5/t0    0000000a x6/t1    0000000a x7/t2    00000000
 x8/s0    00000001 x9/s1    00000000 x10/a0   00000001 x11/a1   00012000
 x12/a2   00000001 x13/a3   00000000 x14/a4   00000000 x15/a5   00000000
 x16/a6   00000000 x17/a7   00000040 x18/s2   00000000 x19/s3   00000000
 x20/s4   00000000 x21/s5   00000000 x22/s6   00000000 x23/s7   00000000
 x24/s8   00000000 x25/s9   00000000 x26/s10  00000000 x27/s11  00000000
 x28/t3   00000014 x29/t4   00000000 x30/t5   00000014 x31/t6   00000000
 pc       00010110
 x0/zero  00000000 x1/ra    0001014c x2/sp    2b2aaeb0 x3/gp    00000000
 x4/tp    00000000 x5/t0    00000036 x6/t1    0000000a x7/t2    00000000
 x8/s0    00000001 x9/s1    00000000 x10/a0   00000001 x11/a1   00012000
 x12/a2   00000001 x13/a3   00000000 x14/a4   00000000 x15/a5   00000000
 x16/a6   00000000 x17/a7   0000003f x18/s2   00000000 x19/s3   00000000
 x20/s4   00000000 x21/s5   00000000 x22/s6   00000000 x23/s7   00000000
 x24/s8   00000000 x25/s9   00000000 x26/s10  00000000 x27/s11  00000000
 x28/t3   00000014 x29/t4   00000000 x30/t5   00000014 x31/t6   00000000
 pc       00010134
 x0/zero  00000000 x1/ra    0001014c x2/sp    2b2aaeb0 x3/gp    00000000
 x4/tp    00000000 x5/t0    00000036 x6/t1    0000000a x7/t2    00000000
 x8/s0    00000001 x9/s1    00000000 x10/a0   00000001 x11/a1   00012000
 x12/a2   00000001 x13/a3   00000000 x14/a4   00000000 x15/a5   00000000
 x16/a6   00000000 x17/a7   00000040 x18/s2   00000000 x19/s3   00000000
 x20/s4   00000000 x21/s5   00000000 x22/s6   00000000 x23/s7   00000000
 x24/s8   00000000 x25/s9   00000000 x26/s10  00000000 x27/s11  00000000
 x28/t3   00000014 x29/t4   00000000 x30/t5   00000014 x31/t6   00000000
 pc       00010110
 x0/zero  00000000 x1/ra    0001014c x2/sp    2b2aaeb0 x3/gp    00000000
 x4/tp    00000000 x5/t0    00000039 x6/t1    0000000a x7/t2    00000000
 x8/s0    00000001 x9/s1    00000000 x10/a0   00000001 x11/a1   00012000
 x12/a2   00000001 x13/a3   00000000 x14/a4   00000000 x15/a5   00000000
 x16/a6   00000000 x17/a7   0000003f x18/s2   00000000 x19/s3   00000000
 x20/s4   00000000 x21/s5   00000000 x22/s6   00000000 x23/s7   00000000
 x24/s8   00000000 x25/s9   00000000 x26/s10  00000000 x27/s11  00000000
 x28/t3   00000014 x29/t4   00000000 x30/t5   00000014 x31/t6   00000000
 pc       00010134
 x0/zero  00000000 x1/ra    0001014c x2/sp    2b2aaeb0 x3/gp    00000000
 x4/tp    00000000 x5/t0    00000039 x6/t1    0000000a x7/t2    00000000
 x8/s0    00000001 x9/s1    00000000 x10/a0   00000001 x11/a1   00012000
 x12/a2   00000001 x13/a3   00000000 x14/a4   00000000 x15/a5   00000000
 x16/a6   00000000 x17/a7   00000040 x18/s2   00000000 x19/s3   00000000
 x20/s4   00000000 x21/s5   00000000 x22/s6   00000000 x23/s7   00000000
 x24/s8   00000000 x25/s9   00000000 x26/s10  00000000 x27/s11  00000000
 x28/t3   00000014 x29/t4   00000000 x30/t5   00000014 x31/t6   00000000
 pc       0001014c
 x0/zero  00000000 x1/ra    0001014c x2/sp    2b2aaeb0 x3/gp    00000000
 x4/tp    00000000 x5/t0    0000000a x6/t1    0000000a x7/t2    00000000
 x8/s0    00000001 x9/s1    00000000 x10/a0   00000001 x11/a1   00012000
 x12/a2   00000001 x13/a3   00000000 x14/a4   00000000 x15/a5   00000000
 x16/a6   00000000 x17/a7   00000040 x18/s2   00000000 x19/s3   00000000
 x20/s4   00000000 x21/s5   00000000 x22/s6   00000000 x23/s7   00000000
 x24/s8   00000000 x25/s9   00000000 x26/s10  00000000 x27/s11  00000000
 x28/t3   00000014 x29/t4   00000000 x30/t5   00000014 x31/t6   00000000
 pc       00010110
 x0/zero  00000000 x1/ra    0001014c x2/sp    2b2aaeb0 x3/gp    00000000
 x4/tp    00000000 x5/t0    0000000a x6/t1    0000000a x7/t2    00000000
 x8/s0    00000001 x9/s1    00000000 x10/a0   00000001 x11/a1   00012000
 x12/a2   00000001 x13/a3   00000000 x14/a4   00000000 x15/a5   00000000
 x16/a6   00000000 x17/a7   0000003f x18/s2   00000000 x19/s3   00000000
 x20/s4   00000000 x21/s5   00000000 x22/s6   00000000 x23/s7   00000000
 x24/s8   00000000 x25/s9   00000000 x26/s10  00000000 x27/s11  00000000
 x28/t3   00000014 x29/t4   00000000 x30/t5   00000014 x31/t6   00000000
 pc       00010134
 x0/zero  00000000 x1/ra    0001014c x2/sp    2b2aaeb0 x3/gp    00000000
 x4/tp    00000000 x5/t0    0000000a x6/t1    0000000a x7/t2    00000000
 x8/s0    00000001 x9/s1    00000000 x10/a0   00000001 x11/a1   00012000
 x12/a2   00000001 x13/a3   00000000 x14/a4   00000000 x15/a5   00000000
 x16/a6   00000000 x17/a7   00000040 x18/s2   00000000 x19/s3   00000000
 x20/s4   00000000 x21/s5   00000000 x22/s6   00000000 x23/s7   00000000
 x24/s8   00000000 x25/s9   00000000 x26/s10  00000000 x27/s11  00000000
 x28/t3   00000014 x29/t4   00000000 x30/t5   00000014 x31/t6   00000000
 pc       00010110
 x0/zero  00000000 x1/ra    0001014c x2/sp    2b2aaeb0 x3/gp    00000000
 x4/tp    00000000 x5/t0    00000035 x6/t1    0000000a x7/t2    00000000
 x8/s0    00000001 x9/s1    00000000 x10/a0   00000001 x11/a1   00012000
 x12/a2   00000001 x13/a3   00000000 x14/a4   00000000 x15/a5   00000000
 x16/a6   00000000 x17/a7   0000003f x18/s2   00000000 x19/s3   00000000
 x20/s4   00000000 x21/s5   00000000 x22/s6   00000000 x23/s7   00000000
 x24/s8   00000000 x25/s9   00000000 x26/s10  00000000 x27/s11  00000000
 x28/t3   00000014 x29/t4   00000000 x30/t5   00000014 x31/t6   00000000
 pc       00010134
 x0/zero  00000000 x1/ra    0001014c x2/sp    2b2aaeb0 x3/gp    00000000
 x4/tp    00000000 x5/t0    00000035 x6/t1    0000000a x7/t2    00000000
 x8/s0    00000001 x9/s1    00000000 x10/a0   00000001 x11/a1   00012000
 x12/a2   00000001 x13/a3   00000000 x14/a4   00000000 x15/a5   00000000
 x16/a6   00000000 x17/a7   00000040 x18/s2   00000000 x19/s3   00000000
 x20/s4   00000000 x21/s5   00000000 x22/s6   00000000 x23/s7   00000000
 x24/s8   00000000 x25/s9   00000000 x26/s10  00000000 x27/s11  00000000
 x28/t3   00000014 x29/t4   00000000 x30/t5   00000014 x31/t6   00000000
 pc       00010110
 x0/zero  00000000 x1/ra    0001014c x2/sp    2b2aaeb0 x3/gp    00000000
 x4/tp    00000000 x5/t0    00000038 x6/t1    0000000a x7/t2    00000000
 x8/s0    00000001 x9/s1    00000000 x10/a0   00000001 x11/a1   00012000
 x12/a2   00000001 x13/a3   00000000 x14/a4   00000000 x15/a5   00000000
 x16/a6   00000000 x17/a7   0000003f x18/s2   00000000 x19/s3   00000000
 x20/s4   00000000 x21/s5   00000000 x22/s6   00000000 x23/s7   00000000
 x24/s8   00000000 x25/s9   00000000 x26/s10  00000000 x27/s11  00000000
 x28/t3   00000014 x29/t4   00000000 x30/t5   00000014 x31/t6   00000000
 pc       00010134
 x0/zero  00000000 x1/ra    0001014c x2/sp    2b2aaeb0 x3/gp    00000000
 x4/tp    00000000 x5/t0    00000038 x6/t1    0000000a x7/t2    00000000
 x8/s0    00000001 x9/s1    00000000 x10/a0   00000001 x11/a1   00012000
 x12/a2   00000001 x13/a3   00000000 x14/a4   00000000 x15/a5   00000000
 x16/a6   00000000 x17/a7   00000040 x18/s2   00000000 x19/s3   00000000
 x20/s4   00000000 x21/s5   00000000 x22/s6   00000000 x23/s7   00000000
 x24/s8   00000000 x25/s9   00000000 x26/s10  00000000 x27/s11  00000000
 x28/t3   00000014 x29/t4   00000000 x30/t5   00000014 x31/t6   00000000
 pc       0001014c
 x0/zero  00000000 x1/ra    0001014c x2/sp    2b2aaeb0 x3/gp    00000000
 x4/tp    00000000 x5/t0    0000000a x6/t1    0000000a x7/t2    00000000
 x8/s0    00000001 x9/s1    00000000 x10/a0   00000001 x11/a1   00012000
 x12/a2   00000001 x13/a3   00000000 x14/a4   00000000 x15/a5   00000000
 x16/a6   00000000 x17/a7   00000040 x18/s2   00000000 x19/s3   00000000
 x20/s4   00000000 x21/s5   00000000 x22/s6   00000000 x23/s7   00000000
 x24/s8   00000000 x25/s9   00000000 x26/s10  00000000 x27/s11  00000000
 x28/t3   00000014 x29/t4   00000000 x30/t5   00000014 x31/t6   00000000
 pc       00010110
 x0/zero  00000000 x1/ra    0001014c x2/sp    2b2aaeb0 x3/gp    00000000
 x4/tp    00000000 x5/t0    0000000a x6/t1    0000000a x7/t2    00000000
 x8/s0    00000001 x9/s1    00000000 x10/a0   00000000 x11/a1   00012000
 x12/a2   00000001 x13/a3   00000000 x14/a4   00000000 x15/a5   00000000
 x16/a6   00000000 x17/a7   0000003f x18/s2   00000000 x19/s3   00000000
 x20/s4   00000000 x21/s5   00000000 x22/s6   00000000 x23/s7   00000000
 x24/s8   00000000 x25/s9   00000000 x26/s10  00000000 x27/s11  00000000
 x28/t3   00000014 x29/t4   00000000 x30/t5   00000014 x31/t6   00000000
 pc       00010174
 x0/zero  00000000 x1/ra    0001014c x2/sp    2b2aaeb0 x3/gp    00000000
 x4/tp    00000000 x5/t0    0000000a x6/t1    0000000a x7/t2    00000000
 x8/s0    00000000 x9/s1    00000000 x10/a0   00000000 x11/a1   00012000
 x12/a2   00000001 x13/a3   00000000 x14/a4   00000000 x15/a5   00000000
 x16/a6   00000000 x17/a7   0000003f x18/s2   00000000 x19/s3   00000000
 x20/s4   00000000 x21/s5   00000000 x22/s6   00000000 x23/s7   00000000
 x24/s8   00000000 x25/s9   00000000 x26/s10  00000000 x27/s11  00000000
 x28/t3   00000014 x29/t4   00000000 x30/t5   00000014 x31/t6   00000000
